<?xml version="1.0" encoding="UTF-8"?>
<testsuite name="sanity.SearchResults" tests="5" skipped="0" failures="0" errors="0" timestamp="2023-07-11T20:33:53" hostname="DESKTOP-R1C2F8O" time="34.726">
  <properties/>
  <testcase name="Поиск по слову Юпка должен содержать результат с тестом Юбка" classname="sanity.SearchResults" time="6.222"/>
  <testcase name="Поиск по слову Светшот должен содержать результат с тестом Свитшот" classname="sanity.SearchResults" time="6.634"/>
  <testcase name="Поиск по слову Бопинки должен содержать результат с тестом Ботинки" classname="sanity.SearchResults" time="8.132"/>
  <testcase name="Поиск по слову Блуска должен содержать результат с тестом Блузка" classname="sanity.SearchResults" time="7.736"/>
  <testcase name="Поиск по слову Джынсы должен содержать результат с тестом Джинсы" classname="sanity.SearchResults" time="5.955"/>
  <system-out><![CDATA[]]></system-out>
  <system-err><![CDATA[]]></system-err>
</testsuite>
