<?xml version="1.0" encoding="UTF-8"?>
<testsuite name="sanity.OldCheckout" tests="3" skipped="1" failures="0" errors="0" timestamp="2023-07-11T16:14:42" hostname="DESKTOP-R1C2F8O" time="43.877">
  <properties/>
  <testcase name="Оформление заказа с доставкой курьером и наложенным платежом" classname="sanity.OldCheckout" time="22.739"/>
  <testcase name="Оформление заказа с доставкой курьером и оплатой картой" classname="sanity.OldCheckout" time="0.001">
    <skipped/>
  </testcase>
  <testcase name="Оформление заказа с доставкой почтой России и наложенным платежом" classname="sanity.OldCheckout" time="21.124"/>
  <system-out><![CDATA[]]></system-out>
  <system-err><![CDATA[]]></system-err>
</testsuite>
