<?xml version="1.0" encoding="UTF-8"?>
<testsuite name="sanity.Authorization" tests="1" skipped="0" failures="0" errors="0" timestamp="2023-07-11T16:14:27" hostname="DESKTOP-R1C2F8O" time="14.297">
  <properties/>
  <testcase name="Успешная авторизация через почту/пароль" classname="sanity.Authorization" time="14.297"/>
  <system-out><![CDATA[]]></system-out>
  <system-err><![CDATA[[Test worker] INFO com.codeborne.selenide.impl.WebDriverThreadLocalContainer - No webdriver is bound to current thread: 1 - let's create a new webdriver
[Test worker] INFO com.codeborne.selenide.impl.FileHelper - Creating folder: D:\Shopping\build\downloads\1689092068029_10664_1
[Test worker] INFO io.github.bonigarcia.wdm.WebDriverManager - Using chromedriver 114.0.5735.133 (resolved driver for Chrome 114)
[Test worker] INFO io.github.bonigarcia.wdm.WebDriverManager - Reading https://chromedriver.storage.googleapis.com/ to seek chromedriver
[Test worker] INFO io.github.bonigarcia.wdm.online.Downloader - Downloading https://edgedl.me.gvt1.com/edgedl/chrome/chrome-for-testing/114.0.5735.133/win64/chromedriver-win64.zip
[Test worker] ERROR io.github.bonigarcia.wdm.online.HttpClient - Error HTTP 404 executing https://edgedl.me.gvt1.com/edgedl/chrome/chrome-for-testing/114.0.5735.133/win64/chromedriver-win64.zip
[Test worker] INFO io.github.bonigarcia.wdm.cache.ResolutionCache - Clearing WebDriverManager resolution cache
[Test worker] WARN io.github.bonigarcia.wdm.WebDriverManager - There was an error managing chromedriver 114.0.5735.133 (Error HTTP 404 executing https://edgedl.me.gvt1.com/edgedl/chrome/chrome-for-testing/114.0.5735.133/win64/chromedriver-win64.zip) ... trying again avoiding reading release from repository
[Test worker] INFO io.github.bonigarcia.wdm.WebDriverManager - Using chromedriver 114.0.5735.90 (resolved driver for Chrome 114)
[Test worker] INFO io.github.bonigarcia.wdm.WebDriverManager - Exporting webdriver.chrome.driver as C:\Users\Крл\.cache\selenium\chromedriver\win32\114.0.5735.90\chromedriver.exe
июл. 11, 2023 7:14:30 PM org.openqa.selenium.remote.service.DriverService$Builder getLogOutput
INFO: Driver logs no longer sent to console by default; https://www.selenium.dev/documentation/webdriver/drivers/service/#setting-log-output
[Test worker] INFO com.codeborne.selenide.webdriver.SelenideNettyClientFactory - Changed readTimeout from PT3M to PT1M30S
[Test worker] INFO com.codeborne.selenide.webdriver.SelenideNettyClientFactory - Changed readTimeout from PT3M to PT1M30S
[Test worker] INFO com.codeborne.selenide.webdriver.SelenideNettyClientFactory - Changed readTimeout from PT3M to PT1M30S
[Test worker] INFO com.codeborne.selenide.webdriver.WebDriverFactory - BrowserName=chrome Version=114.0.5735.199 Platform=windows
[Test worker] INFO com.codeborne.selenide.webdriver.WebDriverFactory - Selenide v. 6.16.0
[Test worker] INFO com.codeborne.selenide.webdriver.WebDriverFactory - Selenium WebDriver v. 4.10.0 build revision: c14d967899
[Test worker] INFO com.codeborne.selenide.drivercommands.CreateDriverCommand - Created webdriver in thread 1: ChromeDriver -> ChromeDriver: chrome on windows (5154b61e1f21fe15f4f3cdc3aca0cf78)
[Test worker] INFO com.codeborne.selenide.drivercommands.DisposablesRegistry - Register WebDriverInstance[config=StaticConfig,webDriver=ChromeDriver: chrome on windows (5154b61e1f21fe15f4f3cdc3aca0cf78),proxy=null,downloadsFolder=D:\Shopping\build\downloads\1689092068029_10664_1] in 1 [size=1]
[Test worker] INFO com.codeborne.selenide.drivercommands.DisposablesRegistry - Add shutdown hook in 1 [size=1]
]]></system-err>
</testsuite>
